# JRE version: OpenJDK Runtime Environment Zulu17.28+13-CA (17.0+35) (build 17+35-LTS)
# Java VM: OpenJDK 64-Bit Server VM Zulu17.28+13-CA (17+35-LTS, mixed mode, sharing, tiered, compressed oops, compressed class ptrs, g1 gc, linux-amd64)
GC Precious Log:
 CPUs: 4 total, 4 available
 Memory: 7862M
 Large Page Support: Disabled
 NUMA Support: Disabled
 Compressed Oops: Enabled (Zero based)
 Heap Region Size: 2M
 Heap Min Capacity: 8M
 Heap Initial Capacity: 124M
 Heap Max Capacity: 3G
 Pre-touch: Disabled
 Parallel Workers: 4
 Concurrent Workers: 1
 Concurrent Refinement Workers: 4
 Periodic GC: Disabled
Heap:
 garbage-first heap   total 305152K, used 74142K [0x0000000740000000, 0x0000000800000000)
  region size 2048K, 33 young (67584K), 3 survivors (6144K)
 Metaspace       used 16209K, committed 16384K, reserved 1064960K
  class space    used 1609K, committed 1664K, reserved 1048576K
GC Heap History (20 events):
Event: 329.342 GC heap before
{Heap before GC invocations=65 (full 0):
 garbage-first heap   total 305152K, used 190699K [0x0000000740000000, 0x0000000800000000)
  region size 2048K, 89 young (182272K), 1 survivors (2048K)
 Metaspace       used 16033K, committed 16192K, reserved 1064960K
  class space    used 1587K, committed 1664K, reserved 1048576K
}
Event: 329.344 GC heap after
{Heap after GC invocations=66 (full 0):
 garbage-first heap   total 305152K, used 10180K [0x0000000740000000, 0x0000000800000000)
  region size 2048K, 1 young (2048K), 1 survivors (2048K)
 Metaspace       used 16033K, committed 16192K, reserved 1064960K
  class space    used 1587K, committed 1664K, reserved 1048576K
}
Event: 329.797 GC heap before
{Heap before GC invocations=66 (full 0):
 garbage-first heap   total 305152K, used 190404K [0x0000000740000000, 0x0000000800000000)
  region size 2048K, 89 young (182272K), 1 survivors (2048K)
 Metaspace       used 16040K, committed 16192K, reserved 1064960K
  class space    used 1587K, committed 1664K, reserved 1048576K
}
Event: 329.799 GC heap after
{Heap after GC invocations=67 (full 0):
 garbage-first heap   total 305152K, used 11835K [0x0000000740000000, 0x0000000800000000)
  region size 2048K, 2 young (4096K), 2 survivors (4096K)
 Metaspace       used 16040K, committed 16192K, reserved 1064960K
  class space    used 1587K, committed 1664K, reserved 1048576K
}
Event: 330.185 GC heap before
{Heap before GC invocations=67 (full 0):
 garbage-first heap   total 305152K, used 190011K [0x0000000740000000, 0x0000000800000000)
  region size 2048K, 89 young (182272K), 2 survivors (4096K)
 Metaspace       used 16040K, committed 16192K, reserved 1064960K
  class space    used 1587K, committed 1664K, reserved 1048576K
}
Event: 330.189 GC heap after
{Heap after GC invocations=68 (full 0):
 garbage-first heap   total 305152K, used 10362K [0x0000000740000000, 0x0000000800000000)
  region size 2048K, 1 young (2048K), 1 survivors (2048K)
 Metaspace       used 16040K, committed 16192K, reserved 1064960K
  class space    used 1587K, committed 1664K, reserved 1048576K
}
Event: 330.613 GC heap before
{Heap before GC invocations=68 (full 0):
 garbage-first heap   total 305152K, used 190586K [0x0000000740000000, 0x0000000800000000)
  region size 2048K, 89 young (182272K), 1 survivors (2048K)
 Metaspace       used 16040K, committed 16192K, reserved 1064960K
  class space    used 1587K, committed 1664K, reserved 1048576K
}
Event: 330.617 GC heap after
{Heap after GC invocations=69 (full 0):
 garbage-first heap   total 305152K, used 12251K [0x0000000740000000, 0x0000000800000000)
  region size 2048K, 2 young (4096K), 2 survivors (4096K)
 Metaspace       used 16040K, committed 16192K, reserved 1064960K
  class space    used 1587K, committed 1664K, reserved 1048576K
}
Event: 330.997 GC heap before
{Heap before GC invocations=69 (full 0):
 garbage-first heap   total 305152K, used 190427K [0x0000000740000000, 0x0000000800000000)
  region size 2048K, 89 young (182272K), 2 survivors (4096K)
 Metaspace       used 16040K, committed 16192K, reserved 1064960K
  class space    used 1587K, committed 1664K, reserved 1048576K
}
Event: 331.000 GC heap after
{Heap after GC invocations=70 (full 0):
 garbage-first heap   total 305152K, used 12523K [0x0000000740000000, 0x0000000800000000)
  region size 2048K, 2 young (4096K), 2 survivors (4096K)
 Metaspace       used 16040K, committed 16192K, reserved 1064960K
  class space    used 1587K, committed 1664K, reserved 1048576K
}
Event: 331.308 GC heap before
{Heap before GC invocations=70 (full 0):
 garbage-first heap   total 305152K, used 190699K [0x0000000740000000, 0x0000000800000000)
  region size 2048K, 89 young (182272K), 2 survivors (4096K)
 Metaspace       used 16040K, committed 16192K, reserved 1064960K
  class space    used 1587K, committed 1664K, reserved 1048576K
}
Event: 331.310 GC heap after
{Heap after GC invocations=71 (full 0):
 garbage-first heap   total 305152K, used 10659K [0x0000000740000000, 0x0000000800000000)
  region size 2048K, 2 young (4096K), 2 survivors (4096K)
 Metaspace       used 16040K, committed 16192K, reserved 1064960K
  class space    used 1587K, committed 1664K, reserved 1048576K
}
Event: 331.625 GC heap before
{Heap before GC invocations=71 (full 0):
 garbage-first heap   total 305152K, used 188835K [0x0000000740000000, 0x0000000800000000)
  region size 2048K, 89 young (182272K), 2 survivors (4096K)
 Metaspace       used 16040K, committed 16192K, reserved 1064960K
  class space    used 1587K, committed 1664K, reserved 1048576K
}
Event: 331.626 GC heap after
{Heap after GC invocations=72 (full 0):
 garbage-first heap   total 305152K, used 8623K [0x0000000740000000, 0x0000000800000000)
  region size 2048K, 1 young (2048K), 1 survivors (2048K)
 Metaspace       used 16040K, committed 16192K, reserved 1064960K
  class space    used 1587K, committed 1664K, reserved 1048576K
}
Event: 331.934 GC heap before
{Heap before GC invocations=72 (full 0):
 garbage-first heap   total 305152K, used 188847K [0x0000000740000000, 0x0000000800000000)
  region size 2048K, 89 young (182272K), 1 survivors (2048K)
 Metaspace       used 16040K, committed 16192K, reserved 1064960K
  class space    used 1587K, committed 1664K, reserved 1048576K
}
Event: 331.937 GC heap after
{Heap after GC invocations=73 (full 0):
 garbage-first heap   total 305152K, used 12331K [0x0000000740000000, 0x0000000800000000)
  region size 2048K, 2 young (4096K), 2 survivors (4096K)
 Metaspace       used 16040K, committed 16192K, reserved 1064960K
  class space    used 1587K, committed 1664K, reserved 1048576K
}
Event: 332.304 GC heap before
{Heap before GC invocations=73 (full 0):
 garbage-first heap   total 305152K, used 190507K [0x0000000740000000, 0x0000000800000000)
  region size 2048K, 89 young (182272K), 2 survivors (4096K)
 Metaspace       used 16040K, committed 16192K, reserved 1064960K
  class space    used 1587K, committed 1664K, reserved 1048576K
}
Event: 332.304 GC heap after
{Heap after GC invocations=74 (full 0):
 garbage-first heap   total 305152K, used 9768K [0x0000000740000000, 0x0000000800000000)
  region size 2048K, 1 young (2048K), 1 survivors (2048K)
 Metaspace       used 16040K, committed 16192K, reserved 1064960K
  class space    used 1587K, committed 1664K, reserved 1048576K
}
Event: 332.664 GC heap before
{Heap before GC invocations=74 (full 0):
 garbage-first heap   total 305152K, used 187944K [0x0000000740000000, 0x0000000800000000)
  region size 2048K, 89 young (182272K), 1 survivors (2048K)
 Metaspace       used 16040K, committed 16192K, reserved 1064960K
  class space    used 1587K, committed 1664K, reserved 1048576K
}
Event: 332.668 GC heap after
{Heap after GC invocations=75 (full 0):
 garbage-first heap   total 305152K, used 12702K [0x0000000740000000, 0x0000000800000000)
  region size 2048K, 3 young (6144K), 3 survivors (6144K)
 Metaspace       used 16040K, committed 16192K, reserved 1064960K
  class space    used 1587K, committed 1664K, reserved 1048576K
}

