# JRE version: OpenJDK Runtime Environment Zulu17.28+13-CA (17.0+35) (build 17+35-LTS)
# Java VM: OpenJDK 64-Bit Server VM Zulu17.28+13-CA (17+35-LTS, mixed mode, sharing, tiered, compressed oops, compressed class ptrs, g1 gc, linux-amd64)
GC Precious Log:
 CPUs: 4 total, 4 available
 Memory: 7862M
 Large Page Support: Disabled
 NUMA Support: Disabled
 Compressed Oops: Enabled (Zero based)
 Heap Region Size: 2M
 Heap Min Capacity: 8M
 Heap Initial Capacity: 124M
 Heap Max Capacity: 3G
 Pre-touch: Disabled
 Parallel Workers: 4
 Concurrent Workers: 1
 Concurrent Refinement Workers: 4
 Periodic GC: Disabled
Heap:
 garbage-first heap   total 307200K, used 159911K [0x0000000740000000, 0x0000000800000000)
  region size 2048K, 74 young (151552K), 2 survivors (4096K)
 Metaspace       used 16105K, committed 16256K, reserved 1064960K
  class space    used 1598K, committed 1664K, reserved 1048576K
GC Heap History (20 events):
Event: 16.005 GC heap before
{Heap before GC invocations=64 (full 0):
 garbage-first heap   total 307200K, used 192674K [0x0000000740000000, 0x0000000800000000)
  region size 2048K, 90 young (184320K), 2 survivors (4096K)
 Metaspace       used 15934K, committed 16064K, reserved 1064960K
  class space    used 1575K, committed 1664K, reserved 1048576K
}
Event: 16.008 GC heap after
{Heap after GC invocations=65 (full 0):
 garbage-first heap   total 307200K, used 11716K [0x0000000740000000, 0x0000000800000000)
  region size 2048K, 2 young (4096K), 2 survivors (4096K)
 Metaspace       used 15934K, committed 16064K, reserved 1064960K
  class space    used 1575K, committed 1664K, reserved 1048576K
}
Event: 16.355 GC heap before
{Heap before GC invocations=65 (full 0):
 garbage-first heap   total 307200K, used 191940K [0x0000000740000000, 0x0000000800000000)
  region size 2048K, 90 young (184320K), 2 survivors (4096K)
 Metaspace       used 15934K, committed 16064K, reserved 1064960K
  class space    used 1575K, committed 1664K, reserved 1048576K
}
Event: 16.358 GC heap after
{Heap after GC invocations=66 (full 0):
 garbage-first heap   total 307200K, used 12442K [0x0000000740000000, 0x0000000800000000)
  region size 2048K, 2 young (4096K), 2 survivors (4096K)
 Metaspace       used 15934K, committed 16064K, reserved 1064960K
  class space    used 1575K, committed 1664K, reserved 1048576K
}
Event: 16.805 GC heap before
{Heap before GC invocations=66 (full 0):
 garbage-first heap   total 307200K, used 192666K [0x0000000740000000, 0x0000000800000000)
  region size 2048K, 90 young (184320K), 2 survivors (4096K)
 Metaspace       used 15941K, committed 16064K, reserved 1064960K
  class space    used 1575K, committed 1664K, reserved 1048576K
}
Event: 16.806 GC heap after
{Heap after GC invocations=67 (full 0):
 garbage-first heap   total 307200K, used 9466K [0x0000000740000000, 0x0000000800000000)
  region size 2048K, 1 young (2048K), 1 survivors (2048K)
 Metaspace       used 15941K, committed 16064K, reserved 1064960K
  class space    used 1575K, committed 1664K, reserved 1048576K
}
Event: 17.158 GC heap before
{Heap before GC invocations=67 (full 0):
 garbage-first heap   total 307200K, used 191738K [0x0000000740000000, 0x0000000800000000)
  region size 2048K, 90 young (184320K), 1 survivors (2048K)
 Metaspace       used 15941K, committed 16064K, reserved 1064960K
  class space    used 1575K, committed 1664K, reserved 1048576K
}
Event: 17.163 GC heap after
{Heap after GC invocations=68 (full 0):
 garbage-first heap   total 307200K, used 12508K [0x0000000740000000, 0x0000000800000000)
  region size 2048K, 3 young (6144K), 3 survivors (6144K)
 Metaspace       used 15941K, committed 16064K, reserved 1064960K
  class space    used 1575K, committed 1664K, reserved 1048576K
}
Event: 17.486 GC heap before
{Heap before GC invocations=68 (full 0):
 garbage-first heap   total 307200K, used 190684K [0x0000000740000000, 0x0000000800000000)
  region size 2048K, 90 young (184320K), 3 survivors (6144K)
 Metaspace       used 15941K, committed 16064K, reserved 1064960K
  class space    used 1575K, committed 1664K, reserved 1048576K
}
Event: 17.488 GC heap after
{Heap after GC invocations=69 (full 0):
 garbage-first heap   total 307200K, used 12146K [0x0000000740000000, 0x0000000800000000)
  region size 2048K, 2 young (4096K), 2 survivors (4096K)
 Metaspace       used 15941K, committed 16064K, reserved 1064960K
  class space    used 1575K, committed 1664K, reserved 1048576K
}
Event: 17.798 GC heap before
{Heap before GC invocations=69 (full 0):
 garbage-first heap   total 307200K, used 192370K [0x0000000740000000, 0x0000000800000000)
  region size 2048K, 90 young (184320K), 2 survivors (4096K)
 Metaspace       used 15941K, committed 16064K, reserved 1064960K
  class space    used 1575K, committed 1664K, reserved 1048576K
}
Event: 17.799 GC heap after
{Heap after GC invocations=70 (full 0):
 garbage-first heap   total 307200K, used 8971K [0x0000000740000000, 0x0000000800000000)
  region size 2048K, 1 young (2048K), 1 survivors (2048K)
 Metaspace       used 15941K, committed 16064K, reserved 1064960K
  class space    used 1575K, committed 1664K, reserved 1048576K
}
Event: 18.114 GC heap before
{Heap before GC invocations=70 (full 0):
 garbage-first heap   total 307200K, used 191243K [0x0000000740000000, 0x0000000800000000)
  region size 2048K, 90 young (184320K), 1 survivors (2048K)
 Metaspace       used 15941K, committed 16064K, reserved 1064960K
  class space    used 1575K, committed 1664K, reserved 1048576K
}
Event: 18.115 GC heap after
{Heap after GC invocations=71 (full 0):
 garbage-first heap   total 307200K, used 9518K [0x0000000740000000, 0x0000000800000000)
  region size 2048K, 1 young (2048K), 1 survivors (2048K)
 Metaspace       used 15941K, committed 16064K, reserved 1064960K
  class space    used 1575K, committed 1664K, reserved 1048576K
}
Event: 18.438 GC heap before
{Heap before GC invocations=71 (full 0):
 garbage-first heap   total 307200K, used 191790K [0x0000000740000000, 0x0000000800000000)
  region size 2048K, 90 young (184320K), 1 survivors (2048K)
 Metaspace       used 15941K, committed 16064K, reserved 1064960K
  class space    used 1575K, committed 1664K, reserved 1048576K
}
Event: 18.439 GC heap after
{Heap after GC invocations=72 (full 0):
 garbage-first heap   total 307200K, used 8861K [0x0000000740000000, 0x0000000800000000)
  region size 2048K, 1 young (2048K), 1 survivors (2048K)
 Metaspace       used 15941K, committed 16064K, reserved 1064960K
  class space    used 1575K, committed 1664K, reserved 1048576K
}
Event: 18.841 GC heap before
{Heap before GC invocations=72 (full 0):
 garbage-first heap   total 307200K, used 191133K [0x0000000740000000, 0x0000000800000000)
  region size 2048K, 90 young (184320K), 1 survivors (2048K)
 Metaspace       used 15941K, committed 16064K, reserved 1064960K
  class space    used 1575K, committed 1664K, reserved 1048576K
}
Event: 18.845 GC heap after
{Heap after GC invocations=73 (full 0):
 garbage-first heap   total 307200K, used 12113K [0x0000000740000000, 0x0000000800000000)
  region size 2048K, 2 young (4096K), 2 survivors (4096K)
 Metaspace       used 15941K, committed 16064K, reserved 1064960K
  class space    used 1575K, committed 1664K, reserved 1048576K
}
Event: 19.180 GC heap before
{Heap before GC invocations=73 (full 0):
 garbage-first heap   total 307200K, used 190289K [0x0000000740000000, 0x0000000800000000)
  region size 2048K, 90 young (184320K), 2 survivors (4096K)
 Metaspace       used 15941K, committed 16064K, reserved 1064960K
  class space    used 1575K, committed 1664K, reserved 1048576K
}
Event: 19.183 GC heap after
{Heap after GC invocations=74 (full 0):
 garbage-first heap   total 307200K, used 12455K [0x0000000740000000, 0x0000000800000000)
  region size 2048K, 2 young (4096K), 2 survivors (4096K)
 Metaspace       used 15941K, committed 16064K, reserved 1064960K
  class space    used 1575K, committed 1664K, reserved 1048576K
}

